<?xml version="1.0" encoding="UTF-8"?>
<coverage generated="1755352294897" clover="3.2.0">
  <project timestamp="1755352294897" name="All files">
    <metrics statements="136" coveredstatements="109" conditionals="98" coveredconditionals="83" methods="37" coveredmethods="30" elements="271" coveredelements="222" complexity="0" loc="136" ncloc="136" packages="12" files="22" classes="22"/>
    <package name="components">
      <metrics statements="9" coveredstatements="8" conditionals="12" coveredconditionals="10" methods="2" coveredmethods="2"/>
      <file name="ErrorMessage.tsx" path="/Users/pma/repos/react/fcm-city-app/src/components/ErrorMessage.tsx">
        <metrics statements="2" coveredstatements="2" conditionals="4" coveredconditionals="4" methods="1" coveredmethods="1"/>
        <line num="11" count="1" type="stmt"/>
        <line num="12" count="6" type="stmt"/>
      </file>
      <file name="IconWrapper.tsx" path="/Users/pma/repos/react/fcm-city-app/src/components/IconWrapper.tsx">
        <metrics statements="7" coveredstatements="6" conditionals="8" coveredconditionals="6" methods="1" coveredmethods="1"/>
        <line num="17" count="1" type="stmt"/>
        <line num="24" count="12" type="cond" truecount="2" falsecount="0"/>
        <line num="27" count="12" type="stmt"/>
        <line num="34" count="12" type="cond" truecount="1" falsecount="1"/>
        <line num="36" count="12" type="cond" truecount="1" falsecount="1"/>
        <line num="37" count="12" type="stmt"/>
        <line num="48" count="0" type="stmt"/>
      </file>
    </package>
    <package name="components.chip">
      <metrics statements="2" coveredstatements="2" conditionals="4" coveredconditionals="4" methods="1" coveredmethods="1"/>
      <file name="Chip.tsx" path="/Users/pma/repos/react/fcm-city-app/src/components/chip/Chip.tsx">
        <metrics statements="2" coveredstatements="2" conditionals="4" coveredconditionals="4" methods="1" coveredmethods="1"/>
        <line num="15" count="1" type="stmt"/>
        <line num="16" count="12" type="stmt"/>
      </file>
    </package>
    <package name="components.design-system">
      <metrics statements="13" coveredstatements="13" conditionals="0" coveredconditionals="0" methods="0" coveredmethods="0"/>
      <file name="chip.types.ts" path="/Users/pma/repos/react/fcm-city-app/src/components/design-system/chip.types.ts">
        <metrics statements="1" coveredstatements="1" conditionals="0" coveredconditionals="0" methods="0" coveredmethods="0"/>
        <line num="8" count="1" type="stmt"/>
      </file>
      <file name="color.types.ts" path="/Users/pma/repos/react/fcm-city-app/src/components/design-system/color.types.ts">
        <metrics statements="1" coveredstatements="1" conditionals="0" coveredconditionals="0" methods="0" coveredmethods="0"/>
        <line num="1" count="5" type="stmt"/>
      </file>
      <file name="icon.types.ts" path="/Users/pma/repos/react/fcm-city-app/src/components/design-system/icon.types.ts">
        <metrics statements="1" coveredstatements="1" conditionals="0" coveredconditionals="0" methods="0" coveredmethods="0"/>
        <line num="5" count="1" type="stmt"/>
      </file>
      <file name="radius.types.ts" path="/Users/pma/repos/react/fcm-city-app/src/components/design-system/radius.types.ts">
        <metrics statements="1" coveredstatements="1" conditionals="0" coveredconditionals="0" methods="0" coveredmethods="0"/>
        <line num="1" count="1" type="stmt"/>
      </file>
      <file name="shadow.types.ts" path="/Users/pma/repos/react/fcm-city-app/src/components/design-system/shadow.types.ts">
        <metrics statements="1" coveredstatements="1" conditionals="0" coveredconditionals="0" methods="0" coveredmethods="0"/>
        <line num="3" count="1" type="stmt"/>
      </file>
      <file name="spacing.types.ts" path="/Users/pma/repos/react/fcm-city-app/src/components/design-system/spacing.types.ts">
        <metrics statements="1" coveredstatements="1" conditionals="0" coveredconditionals="0" methods="0" coveredmethods="0"/>
        <line num="1" count="1" type="stmt"/>
      </file>
      <file name="typography.types.ts" path="/Users/pma/repos/react/fcm-city-app/src/components/design-system/typography.types.ts">
        <metrics statements="7" coveredstatements="7" conditionals="0" coveredconditionals="0" methods="0" coveredmethods="0"/>
        <line num="7" count="4" type="stmt"/>
        <line num="13" count="4" type="stmt"/>
        <line num="23" count="4" type="stmt"/>
        <line num="27" count="4" type="stmt"/>
        <line num="42" count="4" type="stmt"/>
        <line num="64" count="4" type="stmt"/>
        <line num="72" count="4" type="stmt"/>
      </file>
    </package>
    <package name="components.typography">
      <metrics statements="4" coveredstatements="4" conditionals="22" coveredconditionals="22" methods="2" coveredmethods="2"/>
      <file name="TypographyBody.tsx" path="/Users/pma/repos/react/fcm-city-app/src/components/typography/TypographyBody.tsx">
        <metrics statements="2" coveredstatements="2" conditionals="11" coveredconditionals="11" methods="1" coveredmethods="1"/>
        <line num="19" count="3" type="stmt"/>
        <line num="30" count="32" type="stmt"/>
      </file>
      <file name="TypographyHeading.tsx" path="/Users/pma/repos/react/fcm-city-app/src/components/typography/TypographyHeading.tsx">
        <metrics statements="2" coveredstatements="2" conditionals="11" coveredconditionals="11" methods="1" coveredmethods="1"/>
        <line num="19" count="1" type="stmt"/>
        <line num="30" count="15" type="stmt"/>
      </file>
    </package>
    <package name="hooks">
      <metrics statements="16" coveredstatements="5" conditionals="4" coveredconditionals="0" methods="4" coveredmethods="3"/>
      <file name="useMapLink.ts" path="/Users/pma/repos/react/fcm-city-app/src/hooks/useMapLink.ts">
        <metrics statements="14" coveredstatements="3" conditionals="4" coveredconditionals="0" methods="2" coveredmethods="1"/>
        <line num="11" count="1" type="stmt"/>
        <line num="12" count="15" type="stmt"/>
        <line num="13" count="0" type="stmt"/>
        <line num="15" count="0" type="cond" truecount="0" falsecount="2"/>
        <line num="16" count="0" type="stmt"/>
        <line num="20" count="0" type="stmt"/>
        <line num="25" count="0" type="stmt"/>
        <line num="27" count="0" type="stmt"/>
        <line num="28" count="0" type="stmt"/>
        <line num="30" count="0" type="stmt"/>
        <line num="37" count="0" type="stmt"/>
        <line num="39" count="0" type="cond" truecount="0" falsecount="2"/>
        <line num="40" count="0" type="stmt"/>
        <line num="44" count="15" type="stmt"/>
      </file>
      <file name="useStatus.ts" path="/Users/pma/repos/react/fcm-city-app/src/hooks/useStatus.ts">
        <metrics statements="2" coveredstatements="2" conditionals="0" coveredconditionals="0" methods="2" coveredmethods="2"/>
        <line num="13" count="2" type="stmt"/>
        <line num="17" count="31" type="stmt"/>
      </file>
    </package>
    <package name="hooks.city">
      <metrics statements="9" coveredstatements="9" conditionals="0" coveredconditionals="0" methods="4" coveredmethods="4"/>
      <file name="useAllCities.ts" path="/Users/pma/repos/react/fcm-city-app/src/hooks/city/useAllCities.ts">
        <metrics statements="9" coveredstatements="9" conditionals="0" coveredconditionals="0" methods="4" coveredmethods="4"/>
        <line num="11" count="32" type="stmt"/>
        <line num="13" count="1" type="stmt"/>
        <line num="14" count="18" type="stmt"/>
        <line num="15" count="18" type="stmt"/>
        <line num="17" count="18" type="stmt"/>
        <line num="18" count="7" type="stmt"/>
        <line num="21" count="18" type="stmt"/>
        <line num="22" count="1" type="stmt"/>
        <line num="25" count="18" type="stmt"/>
      </file>
    </package>
    <package name="store">
      <metrics statements="5" coveredstatements="5" conditionals="0" coveredconditionals="0" methods="1" coveredmethods="1"/>
      <file name="index.ts" path="/Users/pma/repos/react/fcm-city-app/src/store/index.ts">
        <metrics statements="5" coveredstatements="5" conditionals="0" coveredconditionals="0" methods="1" coveredmethods="1"/>
        <line num="16" count="2" type="stmt"/>
        <line num="17" count="2" type="stmt"/>
        <line num="19" count="2" type="stmt"/>
        <line num="24" count="2" type="stmt"/>
        <line num="26" count="2" type="stmt"/>
      </file>
    </package>
    <package name="store.slices">
      <metrics statements="45" coveredstatements="31" conditionals="12" coveredconditionals="5" methods="19" coveredmethods="14"/>
      <file name="city.actions.ts" path="/Users/pma/repos/react/fcm-city-app/src/store/slices/city.actions.ts">
        <metrics statements="18" coveredstatements="6" conditionals="4" coveredconditionals="0" methods="6" coveredmethods="2"/>
        <line num="8" count="2" type="stmt"/>
        <line num="10" count="2" type="stmt"/>
        <line num="14" count="5" type="stmt"/>
        <line num="15" count="4" type="stmt"/>
        <line num="19" count="7" type="stmt"/>
        <line num="20" count="7" type="stmt"/>
        <line num="28" count="0" type="stmt"/>
        <line num="32" count="0" type="stmt"/>
        <line num="34" count="0" type="stmt"/>
        <line num="36" count="0" type="cond" truecount="0" falsecount="2"/>
        <line num="37" count="0" type="stmt"/>
        <line num="40" count="0" type="stmt"/>
        <line num="48" count="0" type="stmt"/>
        <line num="52" count="0" type="stmt"/>
        <line num="54" count="0" type="stmt"/>
        <line num="56" count="0" type="cond" truecount="0" falsecount="2"/>
        <line num="57" count="0" type="stmt"/>
        <line num="60" count="0" type="stmt"/>
      </file>
      <file name="city.slice.ts" path="/Users/pma/repos/react/fcm-city-app/src/store/slices/city.slice.ts">
        <metrics statements="27" coveredstatements="25" conditionals="8" coveredconditionals="5" methods="13" coveredmethods="12"/>
        <line num="24" count="2" type="stmt"/>
        <line num="32" count="2" type="stmt"/>
        <line num="37" count="1" type="stmt"/>
        <line num="40" count="1" type="stmt"/>
        <line num="43" count="0" type="stmt"/>
        <line num="47" count="2" type="stmt"/>
        <line num="50" count="6" type="stmt"/>
        <line num="51" count="6" type="stmt"/>
        <line num="54" count="2" type="stmt"/>
        <line num="55" count="2" type="stmt"/>
        <line num="58" count="6" type="stmt"/>
        <line num="59" count="6" type="cond" truecount="1" falsecount="1"/>
        <line num="66" count="5" type="stmt"/>
        <line num="67" count="5" type="cond" truecount="2" falsecount="0"/>
        <line num="68" count="2" type="stmt"/>
        <line num="73" count="3" type="stmt"/>
        <line num="80" count="1" type="stmt"/>
        <line num="86" count="4" type="stmt"/>
        <line num="87" count="4" type="stmt"/>
        <line num="95" count="2" type="stmt"/>
        <line num="96" count="2" type="cond" truecount="1" falsecount="1"/>
        <line num="97" count="0" type="stmt"/>
        <line num="102" count="2" type="stmt"/>
        <line num="109" count="1" type="stmt"/>
        <line num="115" count="1" type="stmt"/>
        <line num="116" count="1" type="cond" truecount="1" falsecount="1"/>
        <line num="122" count="2" type="stmt"/>
      </file>
    </package>
    <package name="types">
      <metrics statements="3" coveredstatements="2" conditionals="2" coveredconditionals="0" methods="1" coveredmethods="0"/>
      <file name="placeMetadata.ts" path="/Users/pma/repos/react/fcm-city-app/src/types/placeMetadata.ts">
        <metrics statements="3" coveredstatements="2" conditionals="2" coveredconditionals="0" methods="1" coveredmethods="0"/>
        <line num="3" count="1" type="stmt"/>
        <line num="6" count="0" type="cond" truecount="0" falsecount="2"/>
        <line num="14" count="1" type="stmt"/>
      </file>
    </package>
    <package name="utils.createActionsStateReturn">
      <metrics statements="2" coveredstatements="2" conditionals="4" coveredconditionals="4" methods="1" coveredmethods="1"/>
      <file name="createActionsStateReturn.ts" path="/Users/pma/repos/react/fcm-city-app/src/utils/createActionsStateReturn/createActionsStateReturn.ts">
        <metrics statements="2" coveredstatements="2" conditionals="4" coveredconditionals="4" methods="1" coveredmethods="1"/>
        <line num="9" count="3" type="stmt"/>
        <line num="13" count="40" type="stmt"/>
      </file>
    </package>
    <package name="utils.getStatus">
      <metrics statements="11" coveredstatements="11" conditionals="25" coveredconditionals="25" methods="1" coveredmethods="1"/>
      <file name="getStatus.ts" path="/Users/pma/repos/react/fcm-city-app/src/utils/getStatus/getStatus.ts">
        <metrics statements="11" coveredstatements="11" conditionals="25" coveredconditionals="25" methods="1" coveredmethods="1"/>
        <line num="10" count="3" type="stmt"/>
        <line num="14" count="44" type="stmt"/>
        <line num="15" count="44" type="cond" truecount="2" falsecount="0"/>
        <line num="17" count="44" type="stmt"/>
        <line num="18" count="44" type="cond" truecount="2" falsecount="0"/>
        <line num="20" count="44" type="stmt"/>
        <line num="21" count="44" type="cond" truecount="2" falsecount="0"/>
        <line num="24" count="44" type="cond" truecount="5" falsecount="0"/>
        <line num="27" count="44" type="cond" truecount="7" falsecount="0"/>
        <line num="36" count="44" type="cond" truecount="5" falsecount="0"/>
        <line num="42" count="44" type="stmt"/>
      </file>
    </package>
    <package name="utils.openLink">
      <metrics statements="17" coveredstatements="17" conditionals="13" coveredconditionals="13" methods="1" coveredmethods="1"/>
      <file name="openLink.ts" path="/Users/pma/repos/react/fcm-city-app/src/utils/openLink/openLink.ts">
        <metrics statements="17" coveredstatements="17" conditionals="13" coveredconditionals="13" methods="1" coveredmethods="1"/>
        <line num="10" count="2" type="stmt"/>
        <line num="11" count="11" type="cond" truecount="4" falsecount="0"/>
        <line num="12" count="2" type="stmt"/>
        <line num="13" count="2" type="stmt"/>
        <line num="17" count="9" type="cond" truecount="5" falsecount="0"/>
        <line num="23" count="9" type="cond" truecount="2" falsecount="0"/>
        <line num="24" count="1" type="stmt"/>
        <line num="25" count="1" type="stmt"/>
        <line num="28" count="8" type="stmt"/>
        <line num="29" count="8" type="stmt"/>
        <line num="31" count="7" type="cond" truecount="2" falsecount="0"/>
        <line num="32" count="6" type="stmt"/>
        <line num="33" count="6" type="stmt"/>
        <line num="35" count="1" type="stmt"/>
        <line num="39" count="1" type="stmt"/>
        <line num="42" count="1" type="stmt"/>
        <line num="46" count="1" type="stmt"/>
      </file>
    </package>
  </project>
</coverage>
