{
  "/Users/pma/repos/react/fcm-city-app/src/components/ErrorMessage.tsx": {
    "path": "/Users/pma/repos/react/fcm-city-app/src/components/ErrorMessage.tsx",
    "statementMap": {
      "0": {
        "start": { "line": 11, "column": 44 },
        "end": { "line": 33, "column": 1 }
      },
      "1": {
        "start": { "line": 12, "column": 2 },
        "end": { "line": 32, "column": 4 }
      }
    },
    "fnMap": {
      "0": {
        "name": "(anonymous_0)",
        "decl": {
          "start": { "line": 11, "column": 44 },
          "end": { "line": 11, "column": 45 }
        },
        "loc": {
          "start": { "line": 11, "column": 72 },
          "end": { "line": 33, "column": 1 }
        },
        "line": 11
      }
    },
    "branchMap": {
      "0": {
        "loc": {
          "start": { "line": 16, "column": 9 },
          "end": { "line": 16, "column": 32 }
        },
        "type": "cond-expr",
        "locations": [
          {
            "start": { "line": 16, "column": 23 },
            "end": { "line": 16, "column": 27 }
          },
          {
            "start": { "line": 16, "column": 30 },
            "end": { "line": 16, "column": 32 }
          }
        ],
        "line": 16
      },
      "1": {
        "loc": {
          "start": { "line": 17, "column": 9 },
          "end": { "line": 29, "column": 9 }
        },
        "type": "binary-expr",
        "locations": [
          {
            "start": { "line": 17, "column": 9 },
            "end": { "line": 17, "column": 29 }
          },
          {
            "start": { "line": 18, "column": 10 },
            "end": { "line": 28, "column": 17 }
          }
        ],
        "line": 17
      }
    },
    "s": { "0": 1, "1": 6 },
    "f": { "0": 6 },
    "b": { "0": [3, 3], "1": [6, 3] },
    "_coverageSchema": "1a1c01bbd47fc00a2c39e90264f33305004495a9",
    "hash": "a224d86843b553f9a1d0e37632cbb79749d683b0"
  },
  "/Users/pma/repos/react/fcm-city-app/src/components/IconWrapper.tsx": {
    "path": "/Users/pma/repos/react/fcm-city-app/src/components/IconWrapper.tsx",
    "statementMap": {
      "0": {
        "start": { "line": 17, "column": 20 },
        "end": { "line": 50, "column": 1 }
      },
      "1": {
        "start": { "line": 24, "column": 17 },
        "end": { "line": 24, "column": 43 }
      },
      "2": {
        "start": { "line": 27, "column": 20 },
        "end": { "line": 32, "column": 14 }
      },
      "3": {
        "start": { "line": 34, "column": 24 },
        "end": { "line": 34, "column": 71 }
      },
      "4": {
        "start": { "line": 36, "column": 4 },
        "end": { "line": 46, "column": 5 }
      },
      "5": {
        "start": { "line": 37, "column": 6 },
        "end": { "line": 45, "column": 8 }
      },
      "6": {
        "start": { "line": 48, "column": 4 },
        "end": { "line": 48, "column": 17 }
      }
    },
    "fnMap": {
      "0": {
        "name": "(anonymous_0)",
        "decl": {
          "start": { "line": 18, "column": 2 },
          "end": { "line": 18, "column": 3 }
        },
        "loc": {
          "start": { "line": 23, "column": 26 },
          "end": { "line": 49, "column": 3 }
        },
        "line": 23
      }
    },
    "branchMap": {
      "0": {
        "loc": {
          "start": { "line": 19, "column": 4 },
          "end": { "line": 19, "column": 29 }
        },
        "type": "default-arg",
        "locations": [
          {
            "start": { "line": 19, "column": 12 },
            "end": { "line": 19, "column": 29 }
          }
        ],
        "line": 19
      },
      "1": {
        "loc": {
          "start": { "line": 21, "column": 4 },
          "end": { "line": 21, "column": 15 }
        },
        "type": "default-arg",
        "locations": [
          {
            "start": { "line": 21, "column": 11 },
            "end": { "line": 21, "column": 15 }
          }
        ],
        "line": 21
      },
      "2": {
        "loc": {
          "start": { "line": 24, "column": 17 },
          "end": { "line": 24, "column": 43 }
        },
        "type": "binary-expr",
        "locations": [
          {
            "start": { "line": 24, "column": 17 },
            "end": { "line": 24, "column": 23 }
          },
          {
            "start": { "line": 24, "column": 27 },
            "end": { "line": 24, "column": 43 }
          }
        ],
        "line": 24
      },
      "3": {
        "loc": {
          "start": { "line": 34, "column": 24 },
          "end": { "line": 34, "column": 71 }
        },
        "type": "cond-expr",
        "locations": [
          {
            "start": { "line": 34, "column": 51 },
            "end": { "line": 34, "column": 64 }
          },
          {
            "start": { "line": 34, "column": 67 },
            "end": { "line": 34, "column": 71 }
          }
        ],
        "line": 34
      },
      "4": {
        "loc": {
          "start": { "line": 36, "column": 4 },
          "end": { "line": 46, "column": 5 }
        },
        "type": "if",
        "locations": [
          {
            "start": { "line": 36, "column": 4 },
            "end": { "line": 46, "column": 5 }
          },
          { "start": {}, "end": {} }
        ],
        "line": 36
      }
    },
    "s": { "0": 1, "1": 12, "2": 12, "3": 12, "4": 12, "5": 12, "6": 0 },
    "f": { "0": 12 },
    "b": { "0": [10], "1": [6], "2": [12, 12], "3": [12, 0], "4": [12, 0] },
    "_coverageSchema": "1a1c01bbd47fc00a2c39e90264f33305004495a9",
    "hash": "3fc3d074d94485e26d6fe027bba16f4a6a50dcd5"
  },
  "/Users/pma/repos/react/fcm-city-app/src/components/chip/Chip.tsx": {
    "path": "/Users/pma/repos/react/fcm-city-app/src/components/chip/Chip.tsx",
    "statementMap": {
      "0": {
        "start": { "line": 15, "column": 28 },
        "end": { "line": 38, "column": 1 }
      },
      "1": {
        "start": { "line": 16, "column": 2 },
        "end": { "line": 37, "column": 4 }
      }
    },
    "fnMap": {
      "0": {
        "name": "(anonymous_0)",
        "decl": {
          "start": { "line": 15, "column": 28 },
          "end": { "line": 15, "column": 29 }
        },
        "loc": {
          "start": { "line": 15, "column": 84 },
          "end": { "line": 38, "column": 1 }
        },
        "line": 15
      }
    },
    "branchMap": {
      "0": {
        "loc": {
          "start": { "line": 21, "column": 8 },
          "end": { "line": 21, "column": 41 }
        },
        "type": "binary-expr",
        "locations": [
          {
            "start": { "line": 21, "column": 8 },
            "end": { "line": 21, "column": 18 }
          },
          {
            "start": { "line": 21, "column": 22 },
            "end": { "line": 21, "column": 41 }
          }
        ],
        "line": 21
      },
      "1": {
        "loc": {
          "start": { "line": 22, "column": 8 },
          "end": { "line": 22, "column": 39 }
        },
        "type": "binary-expr",
        "locations": [
          {
            "start": { "line": 22, "column": 8 },
            "end": { "line": 22, "column": 16 }
          },
          {
            "start": { "line": 22, "column": 20 },
            "end": { "line": 22, "column": 39 }
          }
        ],
        "line": 22
      }
    },
    "s": { "0": 1, "1": 12 },
    "f": { "0": 12 },
    "b": { "0": [12, 2], "1": [12, 2] },
    "_coverageSchema": "1a1c01bbd47fc00a2c39e90264f33305004495a9",
    "hash": "247e93d9d20c0fc0523c7729d888c91edc659ced"
  },
  "/Users/pma/repos/react/fcm-city-app/src/components/design-system/chip.types.ts": {
    "path": "/Users/pma/repos/react/fcm-city-app/src/components/design-system/chip.types.ts",
    "statementMap": {
      "0": {
        "start": { "line": 8, "column": 19 },
        "end": { "line": 27, "column": 2 }
      }
    },
    "fnMap": {},
    "branchMap": {},
    "s": { "0": 1 },
    "f": {},
    "b": {},
    "_coverageSchema": "1a1c01bbd47fc00a2c39e90264f33305004495a9",
    "hash": "1f1ca201234f4c0341bac768ebc8c6a32e038916"
  },
  "/Users/pma/repos/react/fcm-city-app/src/components/design-system/color.types.ts": {
    "path": "/Users/pma/repos/react/fcm-city-app/src/components/design-system/color.types.ts",
    "statementMap": {
      "0": {
        "start": { "line": 1, "column": 25 },
        "end": { "line": 85, "column": 1 }
      }
    },
    "fnMap": {},
    "branchMap": {},
    "s": { "0": 5 },
    "f": {},
    "b": {},
    "_coverageSchema": "1a1c01bbd47fc00a2c39e90264f33305004495a9",
    "hash": "d058c8513d46b9b8640180bc0f68894d6ef188fb"
  },
  "/Users/pma/repos/react/fcm-city-app/src/components/design-system/icon.types.ts": {
    "path": "/Users/pma/repos/react/fcm-city-app/src/components/design-system/icon.types.ts",
    "statementMap": {
      "0": {
        "start": { "line": 5, "column": 24 },
        "end": { "line": 9, "column": 1 }
      }
    },
    "fnMap": {},
    "branchMap": {},
    "s": { "0": 1 },
    "f": {},
    "b": {},
    "_coverageSchema": "1a1c01bbd47fc00a2c39e90264f33305004495a9",
    "hash": "1e82ab9bf7b64904b5de9209ae87365ca863dbbd"
  },
  "/Users/pma/repos/react/fcm-city-app/src/components/design-system/radius.types.ts": {
    "path": "/Users/pma/repos/react/fcm-city-app/src/components/design-system/radius.types.ts",
    "statementMap": {
      "0": {
        "start": { "line": 1, "column": 25 },
        "end": { "line": 4, "column": 1 }
      }
    },
    "fnMap": {},
    "branchMap": {},
    "s": { "0": 1 },
    "f": {},
    "b": {},
    "_coverageSchema": "1a1c01bbd47fc00a2c39e90264f33305004495a9",
    "hash": "9be9775fc22979666ce7ca1394fdbdcf39c89ad3"
  },
  "/Users/pma/repos/react/fcm-city-app/src/components/design-system/shadow.types.ts": {
    "path": "/Users/pma/repos/react/fcm-city-app/src/components/design-system/shadow.types.ts",
    "statementMap": {
      "0": {
        "start": { "line": 3, "column": 26 },
        "end": { "line": 46, "column": 1 }
      }
    },
    "fnMap": {},
    "branchMap": {},
    "s": { "0": 1 },
    "f": {},
    "b": {},
    "_coverageSchema": "1a1c01bbd47fc00a2c39e90264f33305004495a9",
    "hash": "6980af0f9eef319e25614dd8f9f344215fc15a68"
  },
  "/Users/pma/repos/react/fcm-city-app/src/components/design-system/spacing.types.ts": {
    "path": "/Users/pma/repos/react/fcm-city-app/src/components/design-system/spacing.types.ts",
    "statementMap": {
      "0": {
        "start": { "line": 1, "column": 26 },
        "end": { "line": 11, "column": 1 }
      }
    },
    "fnMap": {},
    "branchMap": {},
    "s": { "0": 1 },
    "f": {},
    "b": {},
    "_coverageSchema": "1a1c01bbd47fc00a2c39e90264f33305004495a9",
    "hash": "26f3131d0bd15d8376fcdddee92a4b0015d77a63"
  },
  "/Users/pma/repos/react/fcm-city-app/src/components/design-system/typography.types.ts": {
    "path": "/Users/pma/repos/react/fcm-city-app/src/components/design-system/typography.types.ts",
    "statementMap": {
      "0": {
        "start": { "line": 7, "column": 49 },
        "end": { "line": 11, "column": 1 }
      },
      "1": {
        "start": { "line": 13, "column": 32 },
        "end": { "line": 21, "column": 2 }
      },
      "2": {
        "start": { "line": 23, "column": 32 },
        "end": { "line": 23, "column": 49 }
      },
      "3": {
        "start": { "line": 27, "column": 79 },
        "end": { "line": 30, "column": 1 }
      },
      "4": {
        "start": { "line": 42, "column": 61 },
        "end": { "line": 59, "column": 1 }
      },
      "5": {
        "start": { "line": 64, "column": 67 },
        "end": { "line": 70, "column": 1 }
      },
      "6": {
        "start": { "line": 72, "column": 39 },
        "end": { "line": 80, "column": 2 }
      }
    },
    "fnMap": {},
    "branchMap": {},
    "s": { "0": 4, "1": 4, "2": 4, "3": 4, "4": 4, "5": 4, "6": 4 },
    "f": {},
    "b": {},
    "_coverageSchema": "1a1c01bbd47fc00a2c39e90264f33305004495a9",
    "hash": "2e9780fdcd2afa21e407df76e575fbd42792da55"
  },
  "/Users/pma/repos/react/fcm-city-app/src/components/typography/TypographyBody.tsx": {
    "path": "/Users/pma/repos/react/fcm-city-app/src/components/typography/TypographyBody.tsx",
    "statementMap": {
      "0": {
        "start": { "line": 19, "column": 48 },
        "end": { "line": 52, "column": 1 }
      },
      "1": {
        "start": { "line": 30, "column": 4 },
        "end": { "line": 50, "column": 6 }
      }
    },
    "fnMap": {
      "0": {
        "name": "(anonymous_0)",
        "decl": {
          "start": { "line": 20, "column": 2 },
          "end": { "line": 20, "column": 3 }
        },
        "loc": {
          "start": { "line": 29, "column": 8 },
          "end": { "line": 51, "column": 3 }
        },
        "line": 29
      }
    },
    "branchMap": {
      "0": {
        "loc": {
          "start": { "line": 21, "column": 4 },
          "end": { "line": 21, "column": 15 }
        },
        "type": "default-arg",
        "locations": [
          {
            "start": { "line": 21, "column": 11 },
            "end": { "line": 21, "column": 15 }
          }
        ],
        "line": 21
      },
      "1": {
        "loc": {
          "start": { "line": 22, "column": 4 },
          "end": { "line": 22, "column": 17 }
        },
        "type": "default-arg",
        "locations": [
          {
            "start": { "line": 22, "column": 13 },
            "end": { "line": 22, "column": 17 }
          }
        ],
        "line": 22
      },
      "2": {
        "loc": {
          "start": { "line": 24, "column": 4 },
          "end": { "line": 24, "column": 32 }
        },
        "type": "default-arg",
        "locations": [
          {
            "start": { "line": 24, "column": 16 },
            "end": { "line": 24, "column": 32 }
          }
        ],
        "line": 24
      },
      "3": {
        "loc": {
          "start": { "line": 36, "column": 14 },
          "end": { "line": 36, "column": 34 }
        },
        "type": "cond-expr",
        "locations": [
          {
            "start": { "line": 36, "column": 22 },
            "end": { "line": 36, "column": 29 }
          },
          {
            "start": { "line": 36, "column": 32 },
            "end": { "line": 36, "column": 34 }
          }
        ],
        "line": 36
      },
      "4": {
        "loc": {
          "start": { "line": 42, "column": 16 },
          "end": { "line": 44, "column": 18 }
        },
        "type": "cond-expr",
        "locations": [
          {
            "start": { "line": 43, "column": 16 },
            "end": { "line": 43, "column": 65 }
          },
          {
            "start": { "line": 44, "column": 16 },
            "end": { "line": 44, "column": 18 }
          }
        ],
        "line": 42
      },
      "5": {
        "loc": {
          "start": { "line": 45, "column": 16 },
          "end": { "line": 45, "column": 58 }
        },
        "type": "cond-expr",
        "locations": [
          {
            "start": { "line": 45, "column": 25 },
            "end": { "line": 45, "column": 53 }
          },
          {
            "start": { "line": 45, "column": 56 },
            "end": { "line": 45, "column": 58 }
          }
        ],
        "line": 45
      },
      "6": {
        "loc": {
          "start": { "line": 46, "column": 16 },
          "end": { "line": 46, "column": 64 }
        },
        "type": "cond-expr",
        "locations": [
          {
            "start": { "line": 46, "column": 27 },
            "end": { "line": 46, "column": 59 }
          },
          {
            "start": { "line": 46, "column": 62 },
            "end": { "line": 46, "column": 64 }
          }
        ],
        "line": 46
      }
    },
    "s": { "0": 3, "1": 32 },
    "f": { "0": 32 },
    "b": {
      "0": [10],
      "1": [11],
      "2": [30],
      "3": [1, 31],
      "4": [19, 13],
      "5": [1, 31],
      "6": [3, 29]
    },
    "_coverageSchema": "1a1c01bbd47fc00a2c39e90264f33305004495a9",
    "hash": "da3403fd5e2148ccf2ca6901c37ffbd648a2e80f"
  },
  "/Users/pma/repos/react/fcm-city-app/src/components/typography/TypographyHeading.tsx": {
    "path": "/Users/pma/repos/react/fcm-city-app/src/components/typography/TypographyHeading.tsx",
    "statementMap": {
      "0": {
        "start": { "line": 19, "column": 54 },
        "end": { "line": 52, "column": 1 }
      },
      "1": {
        "start": { "line": 30, "column": 4 },
        "end": { "line": 50, "column": 6 }
      }
    },
    "fnMap": {
      "0": {
        "name": "(anonymous_0)",
        "decl": {
          "start": { "line": 20, "column": 2 },
          "end": { "line": 20, "column": 3 }
        },
        "loc": {
          "start": { "line": 29, "column": 8 },
          "end": { "line": 51, "column": 3 }
        },
        "line": 29
      }
    },
    "branchMap": {
      "0": {
        "loc": {
          "start": { "line": 21, "column": 4 },
          "end": { "line": 21, "column": 15 }
        },
        "type": "default-arg",
        "locations": [
          {
            "start": { "line": 21, "column": 11 },
            "end": { "line": 21, "column": 15 }
          }
        ],
        "line": 21
      },
      "1": {
        "loc": {
          "start": { "line": 22, "column": 4 },
          "end": { "line": 22, "column": 17 }
        },
        "type": "default-arg",
        "locations": [
          {
            "start": { "line": 22, "column": 13 },
            "end": { "line": 22, "column": 17 }
          }
        ],
        "line": 22
      },
      "2": {
        "loc": {
          "start": { "line": 24, "column": 4 },
          "end": { "line": 24, "column": 32 }
        },
        "type": "default-arg",
        "locations": [
          {
            "start": { "line": 24, "column": 16 },
            "end": { "line": 24, "column": 32 }
          }
        ],
        "line": 24
      },
      "3": {
        "loc": {
          "start": { "line": 36, "column": 14 },
          "end": { "line": 36, "column": 34 }
        },
        "type": "cond-expr",
        "locations": [
          {
            "start": { "line": 36, "column": 22 },
            "end": { "line": 36, "column": 29 }
          },
          {
            "start": { "line": 36, "column": 32 },
            "end": { "line": 36, "column": 34 }
          }
        ],
        "line": 36
      },
      "4": {
        "loc": {
          "start": { "line": 42, "column": 16 },
          "end": { "line": 44, "column": 18 }
        },
        "type": "cond-expr",
        "locations": [
          {
            "start": { "line": 43, "column": 16 },
            "end": { "line": 43, "column": 68 }
          },
          {
            "start": { "line": 44, "column": 16 },
            "end": { "line": 44, "column": 18 }
          }
        ],
        "line": 42
      },
      "5": {
        "loc": {
          "start": { "line": 45, "column": 16 },
          "end": { "line": 45, "column": 58 }
        },
        "type": "cond-expr",
        "locations": [
          {
            "start": { "line": 45, "column": 25 },
            "end": { "line": 45, "column": 53 }
          },
          {
            "start": { "line": 45, "column": 56 },
            "end": { "line": 45, "column": 58 }
          }
        ],
        "line": 45
      },
      "6": {
        "loc": {
          "start": { "line": 46, "column": 16 },
          "end": { "line": 46, "column": 64 }
        },
        "type": "cond-expr",
        "locations": [
          {
            "start": { "line": 46, "column": 27 },
            "end": { "line": 46, "column": 59 }
          },
          {
            "start": { "line": 46, "column": 62 },
            "end": { "line": 46, "column": 64 }
          }
        ],
        "line": 46
      }
    },
    "s": { "0": 1, "1": 15 },
    "f": { "0": 15 },
    "b": {
      "0": [10],
      "1": [12],
      "2": [14],
      "3": [1, 14],
      "4": [14, 1],
      "5": [1, 14],
      "6": [1, 14]
    },
    "_coverageSchema": "1a1c01bbd47fc00a2c39e90264f33305004495a9",
    "hash": "1daaf171bc8d23770cf43b95e2d82d77ae120e56"
  },
  "/Users/pma/repos/react/fcm-city-app/src/hooks/useMapLink.ts": {
    "path": "/Users/pma/repos/react/fcm-city-app/src/hooks/useMapLink.ts",
    "statementMap": {
      "0": {
        "start": { "line": 11, "column": 26 },
        "end": { "line": 45, "column": 1 }
      },
      "1": {
        "start": { "line": 12, "column": 18 },
        "end": { "line": 42, "column": 19 }
      },
      "2": {
        "start": { "line": 13, "column": 19 },
        "end": { "line": 13, "column": 63 }
      },
      "3": {
        "start": { "line": 15, "column": 4 },
        "end": { "line": 21, "column": 5 }
      },
      "4": {
        "start": { "line": 16, "column": 6 },
        "end": { "line": 19, "column": 8 }
      },
      "5": {
        "start": { "line": 20, "column": 6 },
        "end": { "line": 20, "column": 13 }
      },
      "6": {
        "start": { "line": 25, "column": 8 },
        "end": { "line": 25, "column": 19 }
      },
      "7": {
        "start": { "line": 27, "column": 18 },
        "end": { "line": 27, "column": 33 }
      },
      "8": {
        "start": { "line": 28, "column": 24 },
        "end": { "line": 28, "column": 82 }
      },
      "9": {
        "start": { "line": 30, "column": 22 },
        "end": { "line": 35, "column": 6 }
      },
      "10": {
        "start": { "line": 37, "column": 25 },
        "end": { "line": 37, "column": 51 }
      },
      "11": {
        "start": { "line": 39, "column": 4 },
        "end": { "line": 41, "column": 5 }
      },
      "12": {
        "start": { "line": 40, "column": 6 },
        "end": { "line": 40, "column": 34 }
      },
      "13": {
        "start": { "line": 44, "column": 2 },
        "end": { "line": 44, "column": 47 }
      }
    },
    "fnMap": {
      "0": {
        "name": "(anonymous_0)",
        "decl": {
          "start": { "line": 11, "column": 26 },
          "end": { "line": 11, "column": 27 }
        },
        "loc": {
          "start": { "line": 11, "column": 64 },
          "end": { "line": 45, "column": 1 }
        },
        "line": 11
      },
      "1": {
        "name": "(anonymous_1)",
        "decl": {
          "start": { "line": 12, "column": 30 },
          "end": { "line": 12, "column": 31 }
        },
        "loc": {
          "start": { "line": 12, "column": 42 },
          "end": { "line": 42, "column": 3 }
        },
        "line": 12
      }
    },
    "branchMap": {
      "0": {
        "loc": {
          "start": { "line": 15, "column": 4 },
          "end": { "line": 21, "column": 5 }
        },
        "type": "if",
        "locations": [
          {
            "start": { "line": 15, "column": 4 },
            "end": { "line": 21, "column": 5 }
          },
          { "start": {}, "end": {} }
        ],
        "line": 15
      },
      "1": {
        "loc": {
          "start": { "line": 39, "column": 4 },
          "end": { "line": 41, "column": 5 }
        },
        "type": "if",
        "locations": [
          {
            "start": { "line": 39, "column": 4 },
            "end": { "line": 41, "column": 5 }
          },
          { "start": {}, "end": {} }
        ],
        "line": 39
      }
    },
    "s": {
      "0": 1,
      "1": 15,
      "2": 0,
      "3": 0,
      "4": 0,
      "5": 0,
      "6": 0,
      "7": 0,
      "8": 0,
      "9": 0,
      "10": 0,
      "11": 0,
      "12": 0,
      "13": 15
    },
    "f": { "0": 15, "1": 0 },
    "b": { "0": [0, 0], "1": [0, 0] },
    "_coverageSchema": "1a1c01bbd47fc00a2c39e90264f33305004495a9",
    "hash": "3e493173fff05da54647743fa1f2560caba7719f"
  },
  "/Users/pma/repos/react/fcm-city-app/src/hooks/useStatus.ts": {
    "path": "/Users/pma/repos/react/fcm-city-app/src/hooks/useStatus.ts",
    "statementMap": {
      "0": {
        "start": { "line": 13, "column": 25 },
        "end": { "line": 18, "column": 1 }
      },
      "1": {
        "start": { "line": 17, "column": 2 },
        "end": { "line": 17, "column": 68 }
      },
      "2": {
        "start": { "line": 17, "column": 23 },
        "end": { "line": 17, "column": 50 }
      }
    },
    "fnMap": {
      "0": {
        "name": "(anonymous_0)",
        "decl": {
          "start": { "line": 13, "column": 25 },
          "end": { "line": 13, "column": 26 }
        },
        "loc": {
          "start": { "line": 16, "column": 36 },
          "end": { "line": 18, "column": 1 }
        },
        "line": 16
      },
      "1": {
        "name": "(anonymous_1)",
        "decl": {
          "start": { "line": 17, "column": 17 },
          "end": { "line": 17, "column": 18 }
        },
        "loc": {
          "start": { "line": 17, "column": 23 },
          "end": { "line": 17, "column": 50 }
        },
        "line": 17
      }
    },
    "branchMap": {},
    "s": { "0": 2, "1": 31, "2": 30 },
    "f": { "0": 31, "1": 30 },
    "b": {},
    "_coverageSchema": "1a1c01bbd47fc00a2c39e90264f33305004495a9",
    "hash": "b89bf6ef215c670dfca740be3afccbad8a8ad892"
  },
  "/Users/pma/repos/react/fcm-city-app/src/hooks/city/useAllCities.ts": {
    "path": "/Users/pma/repos/react/fcm-city-app/src/hooks/city/useAllCities.ts",
    "statementMap": {
      "0": {
        "start": { "line": 11, "column": 17 },
        "end": { "line": 11, "column": 60 }
      },
      "1": {
        "start": { "line": 11, "column": 39 },
        "end": { "line": 11, "column": 60 }
      },
      "2": {
        "start": { "line": 13, "column": 28 },
        "end": { "line": 35, "column": 1 }
      },
      "3": {
        "start": { "line": 14, "column": 19 },
        "end": { "line": 14, "column": 35 }
      },
      "4": {
        "start": { "line": 15, "column": 16 },
        "end": { "line": 15, "column": 40 }
      },
      "5": {
        "start": { "line": 17, "column": 24 },
        "end": { "line": 19, "column": 16 }
      },
      "6": {
        "start": { "line": 18, "column": 4 },
        "end": { "line": 18, "column": 53 }
      },
      "7": {
        "start": { "line": 21, "column": 25 },
        "end": { "line": 23, "column": 8 }
      },
      "8": {
        "start": { "line": 22, "column": 4 },
        "end": { "line": 22, "column": 45 }
      },
      "9": {
        "start": { "line": 25, "column": 2 },
        "end": { "line": 34, "column": 4 }
      }
    },
    "fnMap": {
      "0": {
        "name": "(anonymous_0)",
        "decl": {
          "start": { "line": 11, "column": 17 },
          "end": { "line": 11, "column": 18 }
        },
        "loc": {
          "start": { "line": 11, "column": 39 },
          "end": { "line": 11, "column": 60 }
        },
        "line": 11
      },
      "1": {
        "name": "(anonymous_1)",
        "decl": {
          "start": { "line": 13, "column": 28 },
          "end": { "line": 13, "column": 29 }
        },
        "loc": {
          "start": { "line": 13, "column": 34 },
          "end": { "line": 35, "column": 1 }
        },
        "line": 13
      },
      "2": {
        "name": "(anonymous_2)",
        "decl": {
          "start": { "line": 17, "column": 36 },
          "end": { "line": 17, "column": 37 }
        },
        "loc": {
          "start": { "line": 17, "column": 48 },
          "end": { "line": 19, "column": 3 }
        },
        "line": 17
      },
      "3": {
        "name": "(anonymous_3)",
        "decl": {
          "start": { "line": 21, "column": 37 },
          "end": { "line": 21, "column": 38 }
        },
        "loc": {
          "start": { "line": 21, "column": 43 },
          "end": { "line": 23, "column": 3 }
        },
        "line": 21
      }
    },
    "branchMap": {},
    "s": {
      "0": 1,
      "1": 32,
      "2": 1,
      "3": 18,
      "4": 18,
      "5": 18,
      "6": 7,
      "7": 18,
      "8": 1,
      "9": 18
    },
    "f": { "0": 32, "1": 18, "2": 7, "3": 1 },
    "b": {},
    "_coverageSchema": "1a1c01bbd47fc00a2c39e90264f33305004495a9",
    "hash": "76f8ab3cadde71b21a8dc53e65a56e3270a0e83e"
  },
  "/Users/pma/repos/react/fcm-city-app/src/store/index.ts": {
    "path": "/Users/pma/repos/react/fcm-city-app/src/store/index.ts",
    "statementMap": {
      "0": {
        "start": { "line": 16, "column": 42 },
        "end": { "line": 16, "column": 53 }
      },
      "1": {
        "start": { "line": 17, "column": 56 },
        "end": { "line": 17, "column": 67 }
      },
      "2": {
        "start": { "line": 19, "column": 14 },
        "end": { "line": 28, "column": 2 }
      },
      "3": {
        "start": { "line": 24, "column": 23 },
        "end": { "line": 24, "column": 73 }
      },
      "4": {
        "start": { "line": 26, "column": 4 },
        "end": { "line": 26, "column": 22 }
      }
    },
    "fnMap": {
      "0": {
        "name": "(anonymous_0)",
        "decl": {
          "start": { "line": 23, "column": 14 },
          "end": { "line": 23, "column": 15 }
        },
        "loc": {
          "start": { "line": 23, "column": 40 },
          "end": { "line": 27, "column": 3 }
        },
        "line": 23
      }
    },
    "branchMap": {},
    "s": { "0": 2, "1": 2, "2": 2, "3": 2, "4": 2 },
    "f": { "0": 2 },
    "b": {},
    "_coverageSchema": "1a1c01bbd47fc00a2c39e90264f33305004495a9",
    "hash": "02a3525889123e2f7f0e6036817389dbae42d7ae"
  },
  "/Users/pma/repos/react/fcm-city-app/src/store/slices/city.actions.ts": {
    "path": "/Users/pma/repos/react/fcm-city-app/src/store/slices/city.actions.ts",
    "statementMap": {
      "0": {
        "start": { "line": 8, "column": 20 },
        "end": { "line": 8, "column": 26 }
      },
      "1": {
        "start": { "line": 10, "column": 31 },
        "end": { "line": 64, "column": 1 }
      },
      "2": {
        "start": { "line": 14, "column": 21 },
        "end": { "line": 14, "column": 43 }
      },
      "3": {
        "start": { "line": 15, "column": 6 },
        "end": { "line": 15, "column": 20 }
      },
      "4": {
        "start": { "line": 19, "column": 25 },
        "end": { "line": 19, "column": 48 }
      },
      "5": {
        "start": { "line": 20, "column": 8 },
        "end": { "line": 20, "column": 51 }
      },
      "6": {
        "start": { "line": 28, "column": 6 },
        "end": { "line": 28, "column": 32 }
      },
      "7": {
        "start": { "line": 32, "column": 25 },
        "end": { "line": 32, "column": 48 }
      },
      "8": {
        "start": { "line": 34, "column": 29 },
        "end": { "line": 34, "column": 62 }
      },
      "9": {
        "start": { "line": 36, "column": 8 },
        "end": { "line": 38, "column": 9 }
      },
      "10": {
        "start": { "line": 37, "column": 10 },
        "end": { "line": 37, "column": 22 }
      },
      "11": {
        "start": { "line": 40, "column": 8 },
        "end": { "line": 40, "column": 50 }
      },
      "12": {
        "start": { "line": 48, "column": 6 },
        "end": { "line": 48, "column": 37 }
      },
      "13": {
        "start": { "line": 52, "column": 25 },
        "end": { "line": 52, "column": 48 }
      },
      "14": {
        "start": { "line": 54, "column": 34 },
        "end": { "line": 54, "column": 68 }
      },
      "15": {
        "start": { "line": 56, "column": 8 },
        "end": { "line": 58, "column": 9 }
      },
      "16": {
        "start": { "line": 57, "column": 10 },
        "end": { "line": 57, "column": 22 }
      },
      "17": {
        "start": { "line": 60, "column": 8 },
        "end": { "line": 60, "column": 55 }
      }
    },
    "fnMap": {
      "0": {
        "name": "(anonymous_0)",
        "decl": {
          "start": { "line": 13, "column": 4 },
          "end": { "line": 13, "column": 5 }
        },
        "loc": {
          "start": { "line": 13, "column": 16 },
          "end": { "line": 16, "column": 5 }
        },
        "line": 13
      },
      "1": {
        "name": "(anonymous_1)",
        "decl": {
          "start": { "line": 18, "column": 17 },
          "end": { "line": 18, "column": 18 }
        },
        "loc": {
          "start": { "line": 18, "column": 38 },
          "end": { "line": 21, "column": 7 }
        },
        "line": 18
      },
      "2": {
        "name": "(anonymous_2)",
        "decl": {
          "start": { "line": 27, "column": 4 },
          "end": { "line": 27, "column": 5 }
        },
        "loc": {
          "start": { "line": 27, "column": 37 },
          "end": { "line": 29, "column": 5 }
        },
        "line": 27
      },
      "3": {
        "name": "(anonymous_3)",
        "decl": {
          "start": { "line": 31, "column": 17 },
          "end": { "line": 31, "column": 18 }
        },
        "loc": {
          "start": { "line": 31, "column": 40 },
          "end": { "line": 41, "column": 7 }
        },
        "line": 31
      },
      "4": {
        "name": "(anonymous_4)",
        "decl": {
          "start": { "line": 47, "column": 4 },
          "end": { "line": 47, "column": 5 }
        },
        "loc": {
          "start": { "line": 47, "column": 45 },
          "end": { "line": 49, "column": 5 }
        },
        "line": 47
      },
      "5": {
        "name": "(anonymous_5)",
        "decl": {
          "start": { "line": 51, "column": 17 },
          "end": { "line": 51, "column": 18 }
        },
        "loc": {
          "start": { "line": 51, "column": 40 },
          "end": { "line": 61, "column": 7 }
        },
        "line": 51
      }
    },
    "branchMap": {
      "0": {
        "loc": {
          "start": { "line": 36, "column": 8 },
          "end": { "line": 38, "column": 9 }
        },
        "type": "if",
        "locations": [
          {
            "start": { "line": 36, "column": 8 },
            "end": { "line": 38, "column": 9 }
          },
          { "start": {}, "end": {} }
        ],
        "line": 36
      },
      "1": {
        "loc": {
          "start": { "line": 56, "column": 8 },
          "end": { "line": 58, "column": 9 }
        },
        "type": "if",
        "locations": [
          {
            "start": { "line": 56, "column": 8 },
            "end": { "line": 58, "column": 9 }
          },
          { "start": {}, "end": {} }
        ],
        "line": 56
      }
    },
    "s": {
      "0": 2,
      "1": 2,
      "2": 5,
      "3": 4,
      "4": 7,
      "5": 7,
      "6": 0,
      "7": 0,
      "8": 0,
      "9": 0,
      "10": 0,
      "11": 0,
      "12": 0,
      "13": 0,
      "14": 0,
      "15": 0,
      "16": 0,
      "17": 0
    },
    "f": { "0": 5, "1": 7, "2": 0, "3": 0, "4": 0, "5": 0 },
    "b": { "0": [0, 0], "1": [0, 0] },
    "_coverageSchema": "1a1c01bbd47fc00a2c39e90264f33305004495a9",
    "hash": "66e26897d035806653878d2f091e67ff2150b5ef"
  },
  "/Users/pma/repos/react/fcm-city-app/src/store/slices/city.slice.ts": {
    "path": "/Users/pma/repos/react/fcm-city-app/src/store/slices/city.slice.ts",
    "statementMap": {
      "0": {
        "start": { "line": 24, "column": 32 },
        "end": { "line": 30, "column": 1 }
      },
      "1": {
        "start": { "line": 32, "column": 18 },
        "end": { "line": 120, "column": 2 }
      },
      "2": {
        "start": { "line": 37, "column": 6 },
        "end": { "line": 37, "column": 47 }
      },
      "3": {
        "start": { "line": 40, "column": 6 },
        "end": { "line": 40, "column": 55 }
      },
      "4": {
        "start": { "line": 43, "column": 6 },
        "end": { "line": 43, "column": 56 }
      },
      "5": {
        "start": { "line": 47, "column": 4 },
        "end": { "line": 118, "column": 8 }
      },
      "6": {
        "start": { "line": 50, "column": 8 },
        "end": { "line": 50, "column": 43 }
      },
      "7": {
        "start": { "line": 51, "column": 8 },
        "end": { "line": 51, "column": 34 }
      },
      "8": {
        "start": { "line": 54, "column": 8 },
        "end": { "line": 54, "column": 42 }
      },
      "9": {
        "start": { "line": 55, "column": 8 },
        "end": { "line": 55, "column": 34 }
      },
      "10": {
        "start": { "line": 58, "column": 8 },
        "end": { "line": 58, "column": 45 }
      },
      "11": {
        "start": { "line": 59, "column": 8 },
        "end": { "line": 59, "column": 63 }
      },
      "12": {
        "start": { "line": 66, "column": 38 },
        "end": { "line": 66, "column": 64 }
      },
      "13": {
        "start": { "line": 67, "column": 10 },
        "end": { "line": 74, "column": 11 }
      },
      "14": {
        "start": { "line": 68, "column": 12 },
        "end": { "line": 71, "column": 14 }
      },
      "15": {
        "start": { "line": 73, "column": 12 },
        "end": { "line": 73, "column": 56 }
      },
      "16": {
        "start": { "line": 80, "column": 10 },
        "end": { "line": 80, "column": 60 }
      },
      "17": {
        "start": { "line": 86, "column": 10 },
        "end": { "line": 86, "column": 63 }
      },
      "18": {
        "start": { "line": 87, "column": 10 },
        "end": { "line": 87, "column": 57 }
      },
      "19": {
        "start": { "line": 95, "column": 38 },
        "end": { "line": 95, "column": 64 }
      },
      "20": {
        "start": { "line": 96, "column": 10 },
        "end": { "line": 103, "column": 11 }
      },
      "21": {
        "start": { "line": 97, "column": 12 },
        "end": { "line": 100, "column": 14 }
      },
      "22": {
        "start": { "line": 102, "column": 12 },
        "end": { "line": 102, "column": 57 }
      },
      "23": {
        "start": { "line": 109, "column": 10 },
        "end": { "line": 109, "column": 61 }
      },
      "24": {
        "start": { "line": 115, "column": 10 },
        "end": { "line": 115, "column": 64 }
      },
      "25": {
        "start": { "line": 116, "column": 10 },
        "end": { "line": 116, "column": 75 }
      },
      "26": {
        "start": { "line": 122, "column": 45 },
        "end": { "line": 122, "column": 54 }
      }
    },
    "fnMap": {
      "0": {
        "name": "(anonymous_0)",
        "decl": {
          "start": { "line": 36, "column": 4 },
          "end": { "line": 36, "column": 5 }
        },
        "loc": {
          "start": { "line": 36, "column": 26 },
          "end": { "line": 38, "column": 5 }
        },
        "line": 36
      },
      "1": {
        "name": "(anonymous_1)",
        "decl": {
          "start": { "line": 39, "column": 4 },
          "end": { "line": 39, "column": 5 }
        },
        "loc": {
          "start": { "line": 39, "column": 69 },
          "end": { "line": 41, "column": 5 }
        },
        "line": 39
      },
      "2": {
        "name": "(anonymous_2)",
        "decl": {
          "start": { "line": 42, "column": 4 },
          "end": { "line": 42, "column": 5 }
        },
        "loc": {
          "start": { "line": 42, "column": 74 },
          "end": { "line": 44, "column": 5 }
        },
        "line": 42
      },
      "3": {
        "name": "(anonymous_3)",
        "decl": {
          "start": { "line": 46, "column": 17 },
          "end": { "line": 46, "column": 18 }
        },
        "loc": {
          "start": { "line": 46, "column": 30 },
          "end": { "line": 119, "column": 3 }
        },
        "line": 46
      },
      "4": {
        "name": "(anonymous_4)",
        "decl": {
          "start": { "line": 49, "column": 54 },
          "end": { "line": 49, "column": 55 }
        },
        "loc": {
          "start": { "line": 49, "column": 65 },
          "end": { "line": 52, "column": 7 }
        },
        "line": 49
      },
      "5": {
        "name": "(anonymous_5)",
        "decl": {
          "start": { "line": 53, "column": 55 },
          "end": { "line": 53, "column": 56 }
        },
        "loc": {
          "start": { "line": 53, "column": 66 },
          "end": { "line": 56, "column": 7 }
        },
        "line": 53
      },
      "6": {
        "name": "(anonymous_6)",
        "decl": {
          "start": { "line": 57, "column": 56 },
          "end": { "line": 57, "column": 57 }
        },
        "loc": {
          "start": { "line": 57, "column": 75 },
          "end": { "line": 60, "column": 7 }
        },
        "line": 57
      },
      "7": {
        "name": "(anonymous_7)",
        "decl": {
          "start": { "line": 65, "column": 8 },
          "end": { "line": 65, "column": 9 }
        },
        "loc": {
          "start": { "line": 65, "column": 38 },
          "end": { "line": 75, "column": 9 }
        },
        "line": 65
      },
      "8": {
        "name": "(anonymous_8)",
        "decl": {
          "start": { "line": 79, "column": 8 },
          "end": { "line": 79, "column": 9 }
        },
        "loc": {
          "start": { "line": 79, "column": 38 },
          "end": { "line": 81, "column": 9 }
        },
        "line": 79
      },
      "9": {
        "name": "(anonymous_9)",
        "decl": {
          "start": { "line": 85, "column": 8 },
          "end": { "line": 85, "column": 9 }
        },
        "loc": {
          "start": { "line": 85, "column": 47 },
          "end": { "line": 88, "column": 9 }
        },
        "line": 85
      },
      "10": {
        "name": "(anonymous_10)",
        "decl": {
          "start": { "line": 94, "column": 8 },
          "end": { "line": 94, "column": 9 }
        },
        "loc": {
          "start": { "line": 94, "column": 38 },
          "end": { "line": 104, "column": 9 }
        },
        "line": 94
      },
      "11": {
        "name": "(anonymous_11)",
        "decl": {
          "start": { "line": 108, "column": 8 },
          "end": { "line": 108, "column": 9 }
        },
        "loc": {
          "start": { "line": 108, "column": 38 },
          "end": { "line": 110, "column": 9 }
        },
        "line": 108
      },
      "12": {
        "name": "(anonymous_12)",
        "decl": {
          "start": { "line": 114, "column": 8 },
          "end": { "line": 114, "column": 9 }
        },
        "loc": {
          "start": { "line": 114, "column": 47 },
          "end": { "line": 117, "column": 9 }
        },
        "line": 114
      }
    },
    "branchMap": {
      "0": {
        "loc": {
          "start": { "line": 59, "column": 31 },
          "end": { "line": 59, "column": 62 }
        },
        "type": "binary-expr",
        "locations": [
          {
            "start": { "line": 59, "column": 31 },
            "end": { "line": 59, "column": 56 }
          },
          {
            "start": { "line": 59, "column": 60 },
            "end": { "line": 59, "column": 62 }
          }
        ],
        "line": 59
      },
      "1": {
        "loc": {
          "start": { "line": 67, "column": 10 },
          "end": { "line": 74, "column": 11 }
        },
        "type": "if",
        "locations": [
          {
            "start": { "line": 67, "column": 10 },
            "end": { "line": 74, "column": 11 }
          },
          {
            "start": { "line": 72, "column": 17 },
            "end": { "line": 74, "column": 11 }
          }
        ],
        "line": 67
      },
      "2": {
        "loc": {
          "start": { "line": 96, "column": 10 },
          "end": { "line": 103, "column": 11 }
        },
        "type": "if",
        "locations": [
          {
            "start": { "line": 96, "column": 10 },
            "end": { "line": 103, "column": 11 }
          },
          {
            "start": { "line": 101, "column": 17 },
            "end": { "line": 103, "column": 11 }
          }
        ],
        "line": 96
      },
      "3": {
        "loc": {
          "start": { "line": 116, "column": 50 },
          "end": { "line": 116, "column": 74 }
        },
        "type": "binary-expr",
        "locations": [
          {
            "start": { "line": 116, "column": 50 },
            "end": { "line": 116, "column": 68 }
          },
          {
            "start": { "line": 116, "column": 72 },
            "end": { "line": 116, "column": 74 }
          }
        ],
        "line": 116
      }
    },
    "s": {
      "0": 2,
      "1": 2,
      "2": 1,
      "3": 1,
      "4": 0,
      "5": 2,
      "6": 6,
      "7": 6,
      "8": 2,
      "9": 2,
      "10": 6,
      "11": 6,
      "12": 5,
      "13": 5,
      "14": 2,
      "15": 3,
      "16": 1,
      "17": 4,
      "18": 4,
      "19": 2,
      "20": 2,
      "21": 0,
      "22": 2,
      "23": 1,
      "24": 1,
      "25": 1,
      "26": 2
    },
    "f": {
      "0": 1,
      "1": 1,
      "2": 0,
      "3": 2,
      "4": 6,
      "5": 2,
      "6": 6,
      "7": 5,
      "8": 1,
      "9": 4,
      "10": 2,
      "11": 1,
      "12": 1
    },
    "b": { "0": [6, 0], "1": [2, 3], "2": [0, 2], "3": [1, 0] },
    "_coverageSchema": "1a1c01bbd47fc00a2c39e90264f33305004495a9",
    "hash": "8c8870a7f350d0cb411115193d3542b2f5a377fe"
  },
  "/Users/pma/repos/react/fcm-city-app/src/types/placeMetadata.ts": {
    "path": "/Users/pma/repos/react/fcm-city-app/src/types/placeMetadata.ts",
    "statementMap": {
      "0": {
        "start": { "line": 3, "column": 33 },
        "end": { "line": 10, "column": 2 }
      },
      "1": {
        "start": { "line": 6, "column": 28 },
        "end": { "line": 6, "column": 71 }
      },
      "2": {
        "start": { "line": 14, "column": 35 },
        "end": { "line": 19, "column": 25 }
      }
    },
    "fnMap": {
      "0": {
        "name": "(anonymous_0)",
        "decl": {
          "start": { "line": 6, "column": 12 },
          "end": { "line": 6, "column": 13 }
        },
        "loc": {
          "start": { "line": 6, "column": 28 },
          "end": { "line": 6, "column": 71 }
        },
        "line": 6
      }
    },
    "branchMap": {
      "0": {
        "loc": {
          "start": { "line": 6, "column": 28 },
          "end": { "line": 6, "column": 71 }
        },
        "type": "binary-expr",
        "locations": [
          {
            "start": { "line": 6, "column": 28 },
            "end": { "line": 6, "column": 47 }
          },
          {
            "start": { "line": 6, "column": 51 },
            "end": { "line": 6, "column": 71 }
          }
        ],
        "line": 6
      }
    },
    "s": { "0": 1, "1": 0, "2": 1 },
    "f": { "0": 0 },
    "b": { "0": [0, 0] },
    "_coverageSchema": "1a1c01bbd47fc00a2c39e90264f33305004495a9",
    "hash": "a4b2a9fb440ceb6e2795076285e84ebca4abae8c"
  },
  "/Users/pma/repos/react/fcm-city-app/src/utils/createActionsStateReturn/createActionsStateReturn.ts": {
    "path": "/Users/pma/repos/react/fcm-city-app/src/utils/createActionsStateReturn/createActionsStateReturn.ts",
    "statementMap": {
      "0": {
        "start": { "line": 9, "column": 40 },
        "end": { "line": 17, "column": 1 }
      },
      "1": {
        "start": { "line": 13, "column": 2 },
        "end": { "line": 16, "column": 4 }
      }
    },
    "fnMap": {
      "0": {
        "name": "(anonymous_0)",
        "decl": {
          "start": { "line": 9, "column": 40 },
          "end": { "line": 9, "column": 41 }
        },
        "loc": {
          "start": { "line": 12, "column": 31 },
          "end": { "line": 17, "column": 1 }
        },
        "line": 12
      }
    },
    "branchMap": {
      "0": {
        "loc": {
          "start": { "line": 14, "column": 14 },
          "end": { "line": 14, "column": 27 }
        },
        "type": "binary-expr",
        "locations": [
          {
            "start": { "line": 14, "column": 14 },
            "end": { "line": 14, "column": 21 }
          },
          {
            "start": { "line": 14, "column": 25 },
            "end": { "line": 14, "column": 27 }
          }
        ],
        "line": 14
      },
      "1": {
        "loc": {
          "start": { "line": 15, "column": 12 },
          "end": { "line": 15, "column": 23 }
        },
        "type": "binary-expr",
        "locations": [
          {
            "start": { "line": 15, "column": 12 },
            "end": { "line": 15, "column": 17 }
          },
          {
            "start": { "line": 15, "column": 21 },
            "end": { "line": 15, "column": 23 }
          }
        ],
        "line": 15
      }
    },
    "s": { "0": 3, "1": 40 },
    "f": { "0": 40 },
    "b": { "0": [40, 2], "1": [40, 17] },
    "_coverageSchema": "1a1c01bbd47fc00a2c39e90264f33305004495a9",
    "hash": "2949ea2b0d585b89cbfdda43687bc76c7061e908"
  },
  "/Users/pma/repos/react/fcm-city-app/src/utils/getStatus/getStatus.ts": {
    "path": "/Users/pma/repos/react/fcm-city-app/src/utils/getStatus/getStatus.ts",
    "statementMap": {
      "0": {
        "start": { "line": 10, "column": 25 },
        "end": { "line": 49, "column": 1 }
      },
      "1": {
        "start": { "line": 14, "column": 18 },
        "end": { "line": 14, "column": 37 }
      },
      "2": {
        "start": { "line": 15, "column": 23 },
        "end": { "line": 15, "column": 60 }
      },
      "3": {
        "start": { "line": 17, "column": 16 },
        "end": { "line": 17, "column": 35 }
      },
      "4": {
        "start": { "line": 18, "column": 21 },
        "end": { "line": 18, "column": 57 }
      },
      "5": {
        "start": { "line": 20, "column": 16 },
        "end": { "line": 20, "column": 35 }
      },
      "6": {
        "start": { "line": 21, "column": 21 },
        "end": { "line": 21, "column": 66 }
      },
      "7": {
        "start": { "line": 24, "column": 4 },
        "end": { "line": 24, "column": 73 }
      },
      "8": {
        "start": { "line": 27, "column": 4 },
        "end": { "line": 33, "column": 34 }
      },
      "9": {
        "start": { "line": 36, "column": 4 },
        "end": { "line": 40, "column": 14 }
      },
      "10": {
        "start": { "line": 42, "column": 2 },
        "end": { "line": 48, "column": 4 }
      }
    },
    "fnMap": {
      "0": {
        "name": "(anonymous_0)",
        "decl": {
          "start": { "line": 10, "column": 25 },
          "end": { "line": 10, "column": 26 }
        },
        "loc": {
          "start": { "line": 13, "column": 36 },
          "end": { "line": 49, "column": 1 }
        },
        "line": 13
      }
    },
    "branchMap": {
      "0": {
        "loc": {
          "start": { "line": 15, "column": 23 },
          "end": { "line": 15, "column": 60 }
        },
        "type": "binary-expr",
        "locations": [
          {
            "start": { "line": 15, "column": 23 },
            "end": { "line": 15, "column": 30 }
          },
          {
            "start": { "line": 15, "column": 34 },
            "end": { "line": 15, "column": 60 }
          }
        ],
        "line": 15
      },
      "1": {
        "loc": {
          "start": { "line": 18, "column": 21 },
          "end": { "line": 18, "column": 57 }
        },
        "type": "binary-expr",
        "locations": [
          {
            "start": { "line": 18, "column": 21 },
            "end": { "line": 18, "column": 26 }
          },
          {
            "start": { "line": 18, "column": 30 },
            "end": { "line": 18, "column": 57 }
          }
        ],
        "line": 18
      },
      "2": {
        "loc": {
          "start": { "line": 21, "column": 21 },
          "end": { "line": 21, "column": 66 }
        },
        "type": "binary-expr",
        "locations": [
          {
            "start": { "line": 21, "column": 21 },
            "end": { "line": 21, "column": 26 }
          },
          {
            "start": { "line": 21, "column": 30 },
            "end": { "line": 21, "column": 66 }
          }
        ],
        "line": 21
      },
      "3": {
        "loc": {
          "start": { "line": 24, "column": 4 },
          "end": { "line": 24, "column": 73 }
        },
        "type": "binary-expr",
        "locations": [
          {
            "start": { "line": 24, "column": 5 },
            "end": { "line": 24, "column": 13 }
          },
          {
            "start": { "line": 24, "column": 17 },
            "end": { "line": 24, "column": 23 }
          },
          {
            "start": { "line": 24, "column": 27 },
            "end": { "line": 24, "column": 33 }
          },
          {
            "start": { "line": 24, "column": 37 },
            "end": { "line": 24, "column": 55 }
          },
          {
            "start": { "line": 24, "column": 60 },
            "end": { "line": 24, "column": 73 }
          }
        ],
        "line": 24
      },
      "4": {
        "loc": {
          "start": { "line": 27, "column": 4 },
          "end": { "line": 33, "column": 34 }
        },
        "type": "binary-expr",
        "locations": [
          {
            "start": { "line": 27, "column": 4 },
            "end": { "line": 27, "column": 12 }
          },
          {
            "start": { "line": 28, "column": 4 },
            "end": { "line": 28, "column": 10 }
          },
          {
            "start": { "line": 29, "column": 4 },
            "end": { "line": 29, "column": 10 }
          },
          {
            "start": { "line": 30, "column": 4 },
            "end": { "line": 30, "column": 22 }
          },
          {
            "start": { "line": 31, "column": 4 },
            "end": { "line": 31, "column": 17 }
          },
          {
            "start": { "line": 32, "column": 4 },
            "end": { "line": 32, "column": 28 }
          },
          {
            "start": { "line": 33, "column": 4 },
            "end": { "line": 33, "column": 34 }
          }
        ],
        "line": 27
      },
      "5": {
        "loc": {
          "start": { "line": 36, "column": 4 },
          "end": { "line": 40, "column": 14 }
        },
        "type": "binary-expr",
        "locations": [
          {
            "start": { "line": 36, "column": 4 },
            "end": { "line": 36, "column": 16 }
          },
          {
            "start": { "line": 37, "column": 4 },
            "end": { "line": 37, "column": 21 }
          },
          {
            "start": { "line": 38, "column": 4 },
            "end": { "line": 38, "column": 17 }
          },
          {
            "start": { "line": 39, "column": 4 },
            "end": { "line": 39, "column": 14 }
          },
          {
            "start": { "line": 40, "column": 4 },
            "end": { "line": 40, "column": 14 }
          }
        ],
        "line": 36
      },
      "6": {
        "loc": {
          "start": { "line": 47, "column": 13 },
          "end": { "line": 47, "column": 46 }
        },
        "type": "binary-expr",
        "locations": [
          {
            "start": { "line": 47, "column": 13 },
            "end": { "line": 47, "column": 35 }
          },
          {
            "start": { "line": 47, "column": 39 },
            "end": { "line": 47, "column": 46 }
          }
        ],
        "line": 47
      }
    },
    "s": {
      "0": 3,
      "1": 44,
      "2": 44,
      "3": 44,
      "4": 44,
      "5": 44,
      "6": 44,
      "7": 44,
      "8": 44,
      "9": 44,
      "10": 44
    },
    "f": { "0": 44 },
    "b": {
      "0": [44, 30],
      "1": [44, 2],
      "2": [44, 2],
      "3": [44, 14, 12, 10, 42],
      "4": [44, 14, 12, 10, 8, 6, 3],
      "5": [44, 25, 21, 20, 19],
      "6": [44, 31]
    },
    "_coverageSchema": "1a1c01bbd47fc00a2c39e90264f33305004495a9",
    "hash": "8dc5c0bc8d3f3b110c4c3084ff2e5330cdfe5ea7"
  },
  "/Users/pma/repos/react/fcm-city-app/src/utils/openLink/openLink.ts": {
    "path": "/Users/pma/repos/react/fcm-city-app/src/utils/openLink/openLink.ts",
    "statementMap": {
      "0": {
        "start": { "line": 10, "column": 24 },
        "end": { "line": 48, "column": 1 }
      },
      "1": {
        "start": { "line": 11, "column": 2 },
        "end": { "line": 14, "column": 3 }
      },
      "2": {
        "start": { "line": 12, "column": 4 },
        "end": { "line": 12, "column": 65 }
      },
      "3": {
        "start": { "line": 13, "column": 4 },
        "end": { "line": 13, "column": 30 }
      },
      "4": {
        "start": { "line": 17, "column": 4 },
        "end": { "line": 21, "column": 24 }
      },
      "5": {
        "start": { "line": 23, "column": 2 },
        "end": { "line": 26, "column": 3 }
      },
      "6": {
        "start": { "line": 24, "column": 4 },
        "end": { "line": 24, "column": 65 }
      },
      "7": {
        "start": { "line": 25, "column": 4 },
        "end": { "line": 25, "column": 30 }
      },
      "8": {
        "start": { "line": 28, "column": 2 },
        "end": { "line": 47, "column": 3 }
      },
      "9": {
        "start": { "line": 29, "column": 22 },
        "end": { "line": 29, "column": 51 }
      },
      "10": {
        "start": { "line": 31, "column": 4 },
        "end": { "line": 40, "column": 5 }
      },
      "11": {
        "start": { "line": 32, "column": 6 },
        "end": { "line": 32, "column": 33 }
      },
      "12": {
        "start": { "line": 33, "column": 6 },
        "end": { "line": 33, "column": 31 }
      },
      "13": {
        "start": { "line": 35, "column": 6 },
        "end": { "line": 38, "column": 8 }
      },
      "14": {
        "start": { "line": 39, "column": 6 },
        "end": { "line": 39, "column": 32 }
      },
      "15": {
        "start": { "line": 42, "column": 4 },
        "end": { "line": 45, "column": 6 }
      },
      "16": {
        "start": { "line": 46, "column": 4 },
        "end": { "line": 46, "column": 30 }
      }
    },
    "fnMap": {
      "0": {
        "name": "(anonymous_0)",
        "decl": {
          "start": { "line": 10, "column": 24 },
          "end": { "line": 10, "column": 25 }
        },
        "loc": {
          "start": { "line": 10, "column": 78 },
          "end": { "line": 48, "column": 1 }
        },
        "line": 10
      }
    },
    "branchMap": {
      "0": {
        "loc": {
          "start": { "line": 11, "column": 2 },
          "end": { "line": 14, "column": 3 }
        },
        "type": "if",
        "locations": [
          {
            "start": { "line": 11, "column": 2 },
            "end": { "line": 14, "column": 3 }
          },
          { "start": {}, "end": {} }
        ],
        "line": 11
      },
      "1": {
        "loc": {
          "start": { "line": 11, "column": 6 },
          "end": { "line": 11, "column": 37 }
        },
        "type": "binary-expr",
        "locations": [
          {
            "start": { "line": 11, "column": 6 },
            "end": { "line": 11, "column": 10 }
          },
          {
            "start": { "line": 11, "column": 14 },
            "end": { "line": 11, "column": 37 }
          }
        ],
        "line": 11
      },
      "2": {
        "loc": {
          "start": { "line": 17, "column": 4 },
          "end": { "line": 21, "column": 24 }
        },
        "type": "binary-expr",
        "locations": [
          {
            "start": { "line": 17, "column": 4 },
            "end": { "line": 17, "column": 46 }
          },
          {
            "start": { "line": 18, "column": 4 },
            "end": { "line": 18, "column": 21 }
          },
          {
            "start": { "line": 19, "column": 4 },
            "end": { "line": 19, "column": 21 }
          },
          {
            "start": { "line": 20, "column": 4 },
            "end": { "line": 20, "column": 21 }
          },
          {
            "start": { "line": 21, "column": 4 },
            "end": { "line": 21, "column": 24 }
          }
        ],
        "line": 17
      },
      "3": {
        "loc": {
          "start": { "line": 23, "column": 2 },
          "end": { "line": 26, "column": 3 }
        },
        "type": "if",
        "locations": [
          {
            "start": { "line": 23, "column": 2 },
            "end": { "line": 26, "column": 3 }
          },
          { "start": {}, "end": {} }
        ],
        "line": 23
      },
      "4": {
        "loc": {
          "start": { "line": 31, "column": 4 },
          "end": { "line": 40, "column": 5 }
        },
        "type": "if",
        "locations": [
          {
            "start": { "line": 31, "column": 4 },
            "end": { "line": 40, "column": 5 }
          },
          {
            "start": { "line": 34, "column": 11 },
            "end": { "line": 40, "column": 5 }
          }
        ],
        "line": 31
      }
    },
    "s": {
      "0": 2,
      "1": 11,
      "2": 2,
      "3": 2,
      "4": 9,
      "5": 9,
      "6": 1,
      "7": 1,
      "8": 8,
      "9": 8,
      "10": 7,
      "11": 6,
      "12": 6,
      "13": 1,
      "14": 1,
      "15": 1,
      "16": 1
    },
    "f": { "0": 11 },
    "b": {
      "0": [2, 9],
      "1": [11, 9],
      "2": [9, 4, 3, 2, 1],
      "3": [1, 8],
      "4": [6, 1]
    },
    "_coverageSchema": "1a1c01bbd47fc00a2c39e90264f33305004495a9",
    "hash": "e0e24c9444d1f2781d23651e749505abd8ddc83b"
  }
}
