TN:
SF:src/components/IconWrapper.tsx
FN:18,(anonymous_0)
FNF:1
FNH:1
FNDA:32,(anonymous_0)
DA:17,2
DA:24,32
DA:26,32
DA:27,27
DA:36,5
LF:5
LH:5
BRDA:19,0,0,16
BRDA:21,1,0,28
BRDA:24,2,0,32
BRDA:24,2,1,27
BRDA:26,3,0,27
BRDA:26,3,1,5
BRDA:30,4,0,25
BRDA:30,4,1,2
BRF:8
BRH:8
end_of_record
TN:
SF:src/components/OfflineBanner.tsx
FN:13,(anonymous_0)
FNF:1
FNH:1
FNDA:4,(anonymous_0)
DA:13,1
DA:14,4
DA:16,4
DA:17,1
DA:20,3
DA:31,1
LF:6
LH:6
BRDA:16,0,0,1
BRDA:16,0,1,3
BRF:2
BRH:2
end_of_record
TN:
SF:src/components/chip/Chip.tsx
FN:11,(anonymous_0)
FNF:1
FNH:1
FNDA:9,(anonymous_0)
DA:11,1
DA:12,9
LF:2
LH:2
BRF:0
BRH:0
end_of_record
TN:
SF:src/components/design-system/chip.types.ts
FNF:0
FNH:0
DA:8,1
LF:1
LH:1
BRF:0
BRH:0
end_of_record
TN:
SF:src/components/design-system/color.types.ts
FNF:0
FNH:0
DA:1,5
LF:1
LH:1
BRF:0
BRH:0
end_of_record
TN:
SF:src/components/design-system/icon-button.types.ts
FNF:0
FNH:0
DA:6,1
LF:1
LH:1
BRF:0
BRH:0
end_of_record
TN:
SF:src/components/design-system/icon.types.ts
FNF:0
FNH:0
DA:5,2
LF:1
LH:1
BRF:0
BRH:0
end_of_record
TN:
SF:src/components/design-system/shadow.types.ts
FNF:0
FNH:0
DA:3,2
LF:1
LH:1
BRF:0
BRH:0
end_of_record
TN:
SF:src/components/design-system/spacing.types.ts
FNF:0
FNH:0
DA:1,1
LF:1
LH:1
BRF:0
BRH:0
end_of_record
TN:
SF:src/components/design-system/typography.types.ts
FNF:0
FNH:0
DA:7,4
DA:13,4
DA:23,4
DA:27,4
DA:42,4
DA:64,4
DA:72,4
LF:7
LH:7
BRF:0
BRH:0
end_of_record
TN:
SF:src/components/icon-button/IconButton.tsx
FN:11,(anonymous_0)
FN:14,(anonymous_1)
FNF:2
FNH:2
FNDA:15,(anonymous_0)
FNDA:15,(anonymous_1)
DA:11,1
DA:12,15
DA:15,15
LF:3
LH:3
BRDA:19,0,0,15
BRDA:19,0,1,0
BRF:2
BRH:1
end_of_record
TN:
SF:src/components/icons/IconArrowLeft.tsx
FN:4,(anonymous_0)
FNF:1
FNH:1
FNDA:2,(anonymous_0)
DA:4,2
DA:5,2
LF:2
LH:2
BRF:0
BRH:0
end_of_record
TN:
SF:src/components/icons/IconArrowRight.tsx
FN:4,(anonymous_0)
FNF:1
FNH:1
FNDA:2,(anonymous_0)
DA:4,2
DA:5,2
LF:2
LH:2
BRF:0
BRH:0
end_of_record
TN:
SF:src/components/icons/IconCity.tsx
FN:4,(anonymous_0)
FNF:1
FNH:1
FNDA:23,(anonymous_0)
DA:4,2
DA:5,23
LF:2
LH:2
BRF:0
BRH:0
end_of_record
TN:
SF:src/components/typography/TypographyBody.tsx
FN:20,(anonymous_0)
FNF:1
FNH:1
FNDA:26,(anonymous_0)
DA:19,3
DA:30,26
LF:2
LH:2
BRDA:21,0,0,10
BRDA:22,1,0,14
BRDA:24,2,0,22
BRDA:36,3,0,5
BRDA:36,3,1,21
BRDA:42,4,0,16
BRDA:42,4,1,10
BRDA:45,5,0,1
BRDA:45,5,1,25
BRDA:46,6,0,1
BRDA:46,6,1,25
BRF:11
BRH:11
end_of_record
TN:
SF:src/components/typography/TypographyHeading.tsx
FN:20,(anonymous_0)
FNF:1
FNH:1
FNDA:15,(anonymous_0)
DA:19,1
DA:30,15
LF:2
LH:2
BRDA:21,0,0,10
BRDA:22,1,0,12
BRDA:24,2,0,14
BRDA:36,3,0,1
BRDA:36,3,1,14
BRDA:42,4,0,14
BRDA:42,4,1,1
BRDA:45,5,0,1
BRDA:45,5,1,14
BRDA:46,6,0,1
BRDA:46,6,1,14
BRF:11
BRH:11
end_of_record
TN:
SF:src/hooks/useOfflineStatus.ts
FN:10,(anonymous_0)
FN:17,(anonymous_1)
FN:18,(anonymous_2)
FN:37,(anonymous_3)
FN:45,(anonymous_4)
FNF:5
FNH:5
FNDA:10,(anonymous_0)
FNDA:5,(anonymous_1)
FNDA:5,(anonymous_2)
FNDA:1,(anonymous_3)
FNDA:5,(anonymous_4)
DA:10,1
DA:11,10
DA:17,10
DA:18,5
DA:19,5
DA:20,5
DA:21,4
DA:27,1
DA:35,5
DA:37,5
DA:38,1
DA:45,5
DA:48,10
LF:13
LH:13
BRF:0
BRH:0
end_of_record
TN:
SF:src/hooks/useStatus.ts
FN:13,(anonymous_0)
FN:17,(anonymous_1)
FNF:2
FNH:2
FNDA:19,(anonymous_0)
FNDA:18,(anonymous_1)
DA:13,1
DA:17,19
LF:2
LH:2
BRF:0
BRH:0
end_of_record
TN:
SF:src/hooks/city/useAllCities.ts
FN:11,(anonymous_0)
FN:13,(anonymous_1)
FN:17,(anonymous_2)
FN:21,(anonymous_3)
FNF:4
FNH:4
FNDA:33,(anonymous_0)
FNDA:19,(anonymous_1)
FNDA:7,(anonymous_2)
FNDA:1,(anonymous_3)
DA:11,33
DA:13,1
DA:14,19
DA:15,19
DA:17,19
DA:18,7
DA:21,19
DA:22,1
DA:25,19
LF:9
LH:9
BRF:0
BRH:0
end_of_record
TN:
SF:src/store/index.ts
FN:23,(anonymous_0)
FNF:1
FNH:1
FNDA:2,(anonymous_0)
DA:16,2
DA:17,2
DA:19,2
DA:24,2
DA:26,2
LF:5
LH:5
BRF:0
BRH:0
end_of_record
TN:
SF:src/store/slices/city.actions.ts
FN:13,(anonymous_0)
FN:18,(anonymous_1)
FN:27,(anonymous_2)
FN:31,(anonymous_3)
FN:47,(anonymous_4)
FN:51,(anonymous_5)
FNF:6
FNH:2
FNDA:5,(anonymous_0)
FNDA:7,(anonymous_1)
FNDA:0,(anonymous_2)
FNDA:0,(anonymous_3)
FNDA:0,(anonymous_4)
FNDA:0,(anonymous_5)
DA:8,3
DA:10,3
DA:14,5
DA:15,4
DA:19,7
DA:20,7
DA:28,0
DA:32,0
DA:34,0
DA:36,0
DA:37,0
DA:40,0
DA:48,0
DA:52,0
DA:54,0
DA:56,0
DA:57,0
DA:60,0
LF:18
LH:6
BRDA:36,0,0,0
BRDA:36,0,1,0
BRDA:56,1,0,0
BRDA:56,1,1,0
BRF:4
BRH:0
end_of_record
TN:
SF:src/store/slices/city.slice.ts
FN:36,(anonymous_0)
FN:39,(anonymous_1)
FN:42,(anonymous_2)
FN:46,(anonymous_3)
FN:49,(anonymous_4)
FN:53,(anonymous_5)
FN:57,(anonymous_6)
FN:65,(anonymous_7)
FN:79,(anonymous_8)
FN:85,(anonymous_9)
FN:94,(anonymous_10)
FN:105,(anonymous_11)
FN:111,(anonymous_12)
FNF:13
FNH:12
FNDA:2,(anonymous_0)
FNDA:1,(anonymous_1)
FNDA:0,(anonymous_2)
FNDA:3,(anonymous_3)
FNDA:10,(anonymous_4)
FNDA:3,(anonymous_5)
FNDA:8,(anonymous_6)
FNDA:17,(anonymous_7)
FNDA:2,(anonymous_8)
FNDA:7,(anonymous_9)
FNDA:6,(anonymous_10)
FNDA:2,(anonymous_11)
FNDA:5,(anonymous_12)
DA:24,3
DA:32,3
DA:37,2
DA:40,1
DA:43,0
DA:47,3
DA:50,10
DA:51,10
DA:54,3
DA:55,3
DA:58,8
DA:59,8
DA:66,17
DA:67,17
DA:68,13
DA:73,4
DA:80,2
DA:86,7
DA:87,7
DA:95,6
DA:96,6
DA:97,0
DA:99,6
DA:106,2
DA:112,5
DA:113,5
DA:119,3
LF:27
LH:25
BRDA:59,0,0,8
BRDA:59,0,1,1
BRDA:67,1,0,13
BRDA:67,1,1,4
BRDA:96,2,0,0
BRDA:96,2,1,6
BRDA:113,3,0,5
BRDA:113,3,1,1
BRF:8
BRH:7
end_of_record
TN:
SF:src/utils/createActionsStateReturn/createActionsStateReturn.ts
FN:9,(anonymous_0)
FNF:1
FNH:1
FNDA:26,(anonymous_0)
DA:9,2
DA:13,26
LF:2
LH:2
BRDA:14,0,0,26
BRDA:14,0,1,2
BRDA:15,1,0,26
BRDA:15,1,1,2
BRF:4
BRH:4
end_of_record
TN:
SF:src/utils/getStatus/getStatus.ts
FN:10,(anonymous_0)
FNF:1
FNH:1
FNDA:32,(anonymous_0)
DA:10,2
DA:14,32
DA:15,32
DA:17,32
DA:18,32
DA:20,32
DA:21,32
DA:24,32
DA:27,32
DA:36,32
DA:42,32
LF:11
LH:11
BRDA:15,0,0,32
BRDA:15,0,1,24
BRDA:18,1,0,32
BRDA:18,1,1,2
BRDA:21,2,0,32
BRDA:21,2,1,2
BRDA:24,3,0,32
BRDA:24,3,1,8
BRDA:24,3,2,6
BRDA:24,3,3,4
BRDA:24,3,4,31
BRDA:27,4,0,32
BRDA:27,4,1,8
BRDA:27,4,2,6
BRDA:27,4,3,4
BRDA:27,4,4,3
BRDA:27,4,5,2
BRDA:27,4,6,2
BRDA:36,5,0,32
BRDA:36,5,1,16
BRDA:36,5,2,14
BRDA:36,5,3,13
BRDA:36,5,4,12
BRDA:47,6,0,32
BRDA:47,6,1,20
BRF:25
BRH:25
end_of_record
TN:
SF:src/utils/openLink/openLink.ts
FN:10,(anonymous_0)
FNF:1
FNH:1
FNDA:11,(anonymous_0)
DA:10,1
DA:11,11
DA:12,2
DA:13,2
DA:17,9
DA:23,9
DA:24,1
DA:25,1
DA:28,8
DA:29,8
DA:31,7
DA:32,6
DA:33,6
DA:35,1
DA:39,1
DA:42,1
DA:46,1
LF:17
LH:17
BRDA:11,0,0,2
BRDA:11,0,1,9
BRDA:11,1,0,11
BRDA:11,1,1,9
BRDA:17,2,0,9
BRDA:17,2,1,4
BRDA:17,2,2,3
BRDA:17,2,3,2
BRDA:17,2,4,1
BRDA:23,3,0,1
BRDA:23,3,1,8
BRDA:31,4,0,6
BRDA:31,4,1,1
BRF:13
BRH:13
end_of_record
