TN:
SF:src/components/ErrorMessage.tsx
FN:11,(anonymous_0)
FNF:1
FNH:1
FNDA:6,(anonymous_0)
DA:11,1
DA:12,6
LF:2
LH:2
BRDA:16,0,0,3
BRDA:16,0,1,3
BRDA:17,1,0,6
BRDA:17,1,1,3
BRF:4
BRH:4
end_of_record
TN:
SF:src/components/IconWrapper.tsx
FN:18,(anonymous_0)
FNF:1
FNH:1
FNDA:12,(anonymous_0)
DA:17,1
DA:24,12
DA:27,12
DA:34,12
DA:36,12
DA:37,12
DA:48,0
LF:7
LH:6
BRDA:19,0,0,10
BRDA:21,1,0,6
BRDA:24,2,0,12
BRDA:24,2,1,12
BRDA:34,3,0,12
BRDA:34,3,1,0
BRDA:36,4,0,12
BRDA:36,4,1,0
BRF:8
BRH:6
end_of_record
TN:
SF:src/components/chip/Chip.tsx
FN:15,(anonymous_0)
FNF:1
FNH:1
FNDA:12,(anonymous_0)
DA:15,1
DA:16,12
LF:2
LH:2
BRDA:21,0,0,12
BRDA:21,0,1,2
BRDA:22,1,0,12
BRDA:22,1,1,2
BRF:4
BRH:4
end_of_record
TN:
SF:src/components/design-system/chip.types.ts
FNF:0
FNH:0
DA:8,1
LF:1
LH:1
BRF:0
BRH:0
end_of_record
TN:
SF:src/components/design-system/color.types.ts
FNF:0
FNH:0
DA:1,5
LF:1
LH:1
BRF:0
BRH:0
end_of_record
TN:
SF:src/components/design-system/icon.types.ts
FNF:0
FNH:0
DA:5,1
LF:1
LH:1
BRF:0
BRH:0
end_of_record
TN:
SF:src/components/design-system/radius.types.ts
FNF:0
FNH:0
DA:1,1
LF:1
LH:1
BRF:0
BRH:0
end_of_record
TN:
SF:src/components/design-system/shadow.types.ts
FNF:0
FNH:0
DA:3,1
LF:1
LH:1
BRF:0
BRH:0
end_of_record
TN:
SF:src/components/design-system/spacing.types.ts
FNF:0
FNH:0
DA:1,1
LF:1
LH:1
BRF:0
BRH:0
end_of_record
TN:
SF:src/components/design-system/typography.types.ts
FNF:0
FNH:0
DA:7,4
DA:13,4
DA:23,4
DA:27,4
DA:42,4
DA:64,4
DA:72,4
LF:7
LH:7
BRF:0
BRH:0
end_of_record
TN:
SF:src/components/typography/TypographyBody.tsx
FN:20,(anonymous_0)
FNF:1
FNH:1
FNDA:32,(anonymous_0)
DA:19,3
DA:30,32
LF:2
LH:2
BRDA:21,0,0,10
BRDA:22,1,0,11
BRDA:24,2,0,30
BRDA:36,3,0,1
BRDA:36,3,1,31
BRDA:42,4,0,19
BRDA:42,4,1,13
BRDA:45,5,0,1
BRDA:45,5,1,31
BRDA:46,6,0,3
BRDA:46,6,1,29
BRF:11
BRH:11
end_of_record
TN:
SF:src/components/typography/TypographyHeading.tsx
FN:20,(anonymous_0)
FNF:1
FNH:1
FNDA:15,(anonymous_0)
DA:19,1
DA:30,15
LF:2
LH:2
BRDA:21,0,0,10
BRDA:22,1,0,12
BRDA:24,2,0,14
BRDA:36,3,0,1
BRDA:36,3,1,14
BRDA:42,4,0,14
BRDA:42,4,1,1
BRDA:45,5,0,1
BRDA:45,5,1,14
BRDA:46,6,0,1
BRDA:46,6,1,14
BRF:11
BRH:11
end_of_record
TN:
SF:src/hooks/useMapLink.ts
FN:11,(anonymous_0)
FN:12,(anonymous_1)
FNF:2
FNH:1
FNDA:15,(anonymous_0)
FNDA:0,(anonymous_1)
DA:11,1
DA:12,15
DA:13,0
DA:15,0
DA:16,0
DA:20,0
DA:25,0
DA:27,0
DA:28,0
DA:30,0
DA:37,0
DA:39,0
DA:40,0
DA:44,15
LF:14
LH:3
BRDA:15,0,0,0
BRDA:15,0,1,0
BRDA:39,1,0,0
BRDA:39,1,1,0
BRF:4
BRH:0
end_of_record
TN:
SF:src/hooks/useStatus.ts
FN:13,(anonymous_0)
FN:17,(anonymous_1)
FNF:2
FNH:2
FNDA:31,(anonymous_0)
FNDA:30,(anonymous_1)
DA:13,2
DA:17,31
LF:2
LH:2
BRF:0
BRH:0
end_of_record
TN:
SF:src/hooks/city/useAllCities.ts
FN:11,(anonymous_0)
FN:13,(anonymous_1)
FN:17,(anonymous_2)
FN:21,(anonymous_3)
FNF:4
FNH:4
FNDA:32,(anonymous_0)
FNDA:18,(anonymous_1)
FNDA:7,(anonymous_2)
FNDA:1,(anonymous_3)
DA:11,32
DA:13,1
DA:14,18
DA:15,18
DA:17,18
DA:18,7
DA:21,18
DA:22,1
DA:25,18
LF:9
LH:9
BRF:0
BRH:0
end_of_record
TN:
SF:src/store/index.ts
FN:23,(anonymous_0)
FNF:1
FNH:1
FNDA:2,(anonymous_0)
DA:16,2
DA:17,2
DA:19,2
DA:24,2
DA:26,2
LF:5
LH:5
BRF:0
BRH:0
end_of_record
TN:
SF:src/store/slices/city.actions.ts
FN:13,(anonymous_0)
FN:18,(anonymous_1)
FN:27,(anonymous_2)
FN:31,(anonymous_3)
FN:47,(anonymous_4)
FN:51,(anonymous_5)
FNF:6
FNH:2
FNDA:5,(anonymous_0)
FNDA:7,(anonymous_1)
FNDA:0,(anonymous_2)
FNDA:0,(anonymous_3)
FNDA:0,(anonymous_4)
FNDA:0,(anonymous_5)
DA:8,2
DA:10,2
DA:14,5
DA:15,4
DA:19,7
DA:20,7
DA:28,0
DA:32,0
DA:34,0
DA:36,0
DA:37,0
DA:40,0
DA:48,0
DA:52,0
DA:54,0
DA:56,0
DA:57,0
DA:60,0
LF:18
LH:6
BRDA:36,0,0,0
BRDA:36,0,1,0
BRDA:56,1,0,0
BRDA:56,1,1,0
BRF:4
BRH:0
end_of_record
TN:
SF:src/store/slices/city.slice.ts
FN:36,(anonymous_0)
FN:39,(anonymous_1)
FN:42,(anonymous_2)
FN:46,(anonymous_3)
FN:49,(anonymous_4)
FN:53,(anonymous_5)
FN:57,(anonymous_6)
FN:65,(anonymous_7)
FN:79,(anonymous_8)
FN:85,(anonymous_9)
FN:94,(anonymous_10)
FN:108,(anonymous_11)
FN:114,(anonymous_12)
FNF:13
FNH:12
FNDA:1,(anonymous_0)
FNDA:1,(anonymous_1)
FNDA:0,(anonymous_2)
FNDA:2,(anonymous_3)
FNDA:6,(anonymous_4)
FNDA:2,(anonymous_5)
FNDA:6,(anonymous_6)
FNDA:5,(anonymous_7)
FNDA:1,(anonymous_8)
FNDA:4,(anonymous_9)
FNDA:2,(anonymous_10)
FNDA:1,(anonymous_11)
FNDA:1,(anonymous_12)
DA:24,2
DA:32,2
DA:37,1
DA:40,1
DA:43,0
DA:47,2
DA:50,6
DA:51,6
DA:54,2
DA:55,2
DA:58,6
DA:59,6
DA:66,5
DA:67,5
DA:68,2
DA:73,3
DA:80,1
DA:86,4
DA:87,4
DA:95,2
DA:96,2
DA:97,0
DA:102,2
DA:109,1
DA:115,1
DA:116,1
DA:122,2
LF:27
LH:25
BRDA:59,0,0,6
BRDA:59,0,1,0
BRDA:67,1,0,2
BRDA:67,1,1,3
BRDA:96,2,0,0
BRDA:96,2,1,2
BRDA:116,3,0,1
BRDA:116,3,1,0
BRF:8
BRH:5
end_of_record
TN:
SF:src/types/placeMetadata.ts
FN:6,(anonymous_0)
FNF:1
FNH:0
FNDA:0,(anonymous_0)
DA:3,1
DA:6,0
DA:14,1
LF:3
LH:2
BRDA:6,0,0,0
BRDA:6,0,1,0
BRF:2
BRH:0
end_of_record
TN:
SF:src/utils/createActionsStateReturn/createActionsStateReturn.ts
FN:9,(anonymous_0)
FNF:1
FNH:1
FNDA:40,(anonymous_0)
DA:9,3
DA:13,40
LF:2
LH:2
BRDA:14,0,0,40
BRDA:14,0,1,2
BRDA:15,1,0,40
BRDA:15,1,1,17
BRF:4
BRH:4
end_of_record
TN:
SF:src/utils/getStatus/getStatus.ts
FN:10,(anonymous_0)
FNF:1
FNH:1
FNDA:44,(anonymous_0)
DA:10,3
DA:14,44
DA:15,44
DA:17,44
DA:18,44
DA:20,44
DA:21,44
DA:24,44
DA:27,44
DA:36,44
DA:42,44
LF:11
LH:11
BRDA:15,0,0,44
BRDA:15,0,1,30
BRDA:18,1,0,44
BRDA:18,1,1,2
BRDA:21,2,0,44
BRDA:21,2,1,2
BRDA:24,3,0,44
BRDA:24,3,1,14
BRDA:24,3,2,12
BRDA:24,3,3,10
BRDA:24,3,4,42
BRDA:27,4,0,44
BRDA:27,4,1,14
BRDA:27,4,2,12
BRDA:27,4,3,10
BRDA:27,4,4,8
BRDA:27,4,5,6
BRDA:27,4,6,3
BRDA:36,5,0,44
BRDA:36,5,1,25
BRDA:36,5,2,21
BRDA:36,5,3,20
BRDA:36,5,4,19
BRDA:47,6,0,44
BRDA:47,6,1,31
BRF:25
BRH:25
end_of_record
TN:
SF:src/utils/openLink/openLink.ts
FN:10,(anonymous_0)
FNF:1
FNH:1
FNDA:11,(anonymous_0)
DA:10,2
DA:11,11
DA:12,2
DA:13,2
DA:17,9
DA:23,9
DA:24,1
DA:25,1
DA:28,8
DA:29,8
DA:31,7
DA:32,6
DA:33,6
DA:35,1
DA:39,1
DA:42,1
DA:46,1
LF:17
LH:17
BRDA:11,0,0,2
BRDA:11,0,1,9
BRDA:11,1,0,11
BRDA:11,1,1,9
BRDA:17,2,0,9
BRDA:17,2,1,4
BRDA:17,2,2,3
BRDA:17,2,3,2
BRDA:17,2,4,1
BRDA:23,3,0,1
BRDA:23,3,1,8
BRDA:31,4,0,6
BRDA:31,4,1,1
BRF:13
BRH:13
end_of_record
